<?xml version="1.0" encoding="UTF-8"?>
<!-- Generated by org.testng.reporters.JUnitReportReporter -->
<testsuite hostname="Mokshi" failures="0" tests="2" name="test.HomePageTest" time="0.753" errors="0" timestamp="2025-03-10T13:33:07 CDT" skipped="0">
  <testcase classname="test.HomePageTest" name="navigateToAboutUsPage" time="0.743"/>
  <testcase classname="test.HomePageTest" name="verifyHomePageTitle" time="0.010"/>
</testsuite> <!-- test.HomePageTest -->
