<?xml version="1.0" encoding="UTF-8"?>
<!-- Generated by org.testng.reporters.JUnitReportReporter -->
<testsuite hostname="Mokshi" failures="0" tests="3" name="test.HomePageTest" time="1.035" errors="0" timestamp="2025-03-14T00:26:33 CDT" skipped="0">
  <testcase classname="test.HomePageTest" name="navigateToAboutUsPage" time="0.963"/>
  <testcase classname="test.HomePageTest" name="verifyHomePageTitle" time="0.025"/>
  <testcase classname="test.HomePageTest" name="title" time="0.047"/>
</testsuite> <!-- test.HomePageTest -->
