<?xml version="1.0" encoding="UTF-8"?>
<!-- Generated by org.testng.reporters.JUnitReportReporter -->
<testsuite hostname="Mokshi" failures="0" tests="1" name="test.Base" time="0.021" errors="0" timestamp="2025-03-14T00:46:39 CDT" skipped="0">
  <testcase classname="test.Base" name="title" time="0.021"/>
</testsuite> <!-- test.Base -->
