<?xml version="1.0" encoding="UTF-8"?>
<!-- Generated by org.testng.reporters.JUnitReportReporter -->
<testsuite hostname="Mokshi" failures="0" tests="3" name="test.HomePageTest" time="0.864" errors="0" timestamp="2025-03-14T00:39:29 CDT" skipped="0">
  <testcase classname="test.HomePageTest" name="navigateToAboutUsPage" time="0.828"/>
  <testcase classname="test.HomePageTest" name="title" time="0.023"/>
  <testcase classname="test.HomePageTest" name="verifyHomePageTitle" time="0.013"/>
</testsuite> <!-- test.HomePageTest -->
