<?xml version="1.0" encoding="UTF-8"?>
<!-- Generated by org.testng.reporters.JUnitReportReporter -->
<testsuite hostname="Mokshi" failures="0" tests="1" name="test.BaseTest" time="0.010" errors="0" timestamp="2025-03-10T12:33:07 CDT" skipped="0">
  <testcase classname="test.BaseTest" name="getttie" time="0.010"/>
</testsuite> <!-- test.BaseTest -->
