<?xml version="1.0" encoding="UTF-8"?>
<!-- Generated by org.testng.reporters.JUnitReportReporter -->
<testsuite hostname="Mokshi" failures="0" tests="2" name="test.HomePageTest" time="0.988" errors="0" timestamp="2025-03-10T13:59:09 CDT" skipped="0">
  <testcase classname="test.HomePageTest" name="verifyHomePageTitle" time="0.013"/>
  <testcase classname="test.HomePageTest" name="navigateToAboutUsPage" time="0.975"/>
</testsuite> <!-- test.HomePageTest -->
